<?xml version="1.0" encoding="UTF-8"?>
<!-- Generated by org.testng.reporters.JUnitReportReporter -->
<testsuite skipped="0" hostname="kwames-MacBook-Air.local" name="Selenium.Selenium.dataprovider.DataProvider" tests="3" failures="0" timestamp="2021-10-31T23:50:34 EDT" time="0.011" errors="0">
  <testcase name="setData" time="0.001" classname="Selenium.Selenium.dataprovider.DataProvider"/>
  <system-out/>
  <testcase name="setData" time="0.001" classname="Selenium.Selenium.dataprovider.DataProvider"/>
  <system-out/>
  <testcase name="setData" time="0.009" classname="Selenium.Selenium.dataprovider.DataProvider"/>
  <system-out/>
</testsuite> <!-- Selenium.Selenium.dataprovider.DataProvider -->
